#
# There is insufficient memory for the Java Runtime Environment to continue.
# Native memory allocation (mmap) failed to map 4194304 bytes for Failed to commit area from 0x00000000d4700000 to 0x00000000d4b00000 of length 4194304.
# Possible reasons:
#   The system is out of physical RAM or swap space
#   The process is running with CompressedOops enabled, and the Java Heap may be blocking the growth of the native heap
# Possible solutions:
#   Reduce memory load on the system
#   Increase physical memory or swap space
#   Check if swap backing store is full
#   Decrease Java heap size (-Xmx/-Xms)
#   Decrease number of Java threads
#   Decrease Java thread stack sizes (-Xss)
#   Set larger code cache with -XX:ReservedCodeCacheSize=
#   JVM is running with Unscaled Compressed Oops mode in which the Java heap is
#     placed in the first 4GB address space. The Java Heap base address is the
#     maximum limit for the native heap growth. Please use -XX:HeapBaseMinAddress
#     to set the Java Heap base and to place the Java Heap above 4GB virtual address.
# This output file may be truncated or incomplete.
#
#  Out of Memory Error (t:/workspace/open/src/hotspot/os/windows/os_windows.cpp:3264), pid=1648, tid=17208
#
# JRE version: Java(TM) SE Runtime Environment (12.0.2+10) (build 12.0.2+10)
# Java VM: Java HotSpot(TM) 64-Bit Server VM (12.0.2+10, mixed mode, sharing, tiered, compressed oops, g1 gc, windows-amd64)
# No core dump will be written. Minidumps are not enabled by default on client versions of Windows
#

---------------  S U M M A R Y ------------

Command Line: -javaagent:C:\Program Files\JetBrains\IntelliJ IDEA Community Edition 2020.2.1\lib\idea_rt.jar=61590:C:\Program Files\JetBrains\IntelliJ IDEA Community Edition 2020.2.1\bin -Dfile.encoding=UTF-8 com.company.Main

Host: Intel(R) Core(TM) i3-7130U CPU @ 2.70GHz, 4 cores, 3G,  Windows 10 , 64 bit Build 19041 (10.0.19041.546)
Time: Tue Nov 10 22:58:42 2020 RTZ 2 (зима) elapsed time: 69 seconds (0d 0h 1m 9s)

---------------  T H R E A D  ---------------

Current thread (0x000001abc69f5800):  JavaThread "AWT-EventQueue-0" [_thread_in_vm, id=17208, stack(0x0000004f98600000,0x0000004f98700000)]

Stack: [0x0000004f98600000,0x0000004f98700000]
Native frames: (J=compiled Java code, j=interpreted, Vv=VM code, C=native code)
V  [jvm.dll+0x63aa2a]
V  [jvm.dll+0x78ce1e]
V  [jvm.dll+0x78e4c1]
V  [jvm.dll+0x78eb13]
V  [jvm.dll+0x2627e8]
V  [jvm.dll+0x637f5a]
V  [jvm.dll+0x62c845]
V  [jvm.dll+0x31e49c]
V  [jvm.dll+0x31e2cf]
V  [jvm.dll+0x324006]
V  [jvm.dll+0x371f56]
V  [jvm.dll+0x371720]
V  [jvm.dll+0x2f8c5c]
V  [jvm.dll+0x2f451f]
V  [jvm.dll+0x5d0ce2]
V  [jvm.dll+0x5d077b]
V  [jvm.dll+0x20a03d]
V  [jvm.dll+0x765b97]
V  [jvm.dll+0x1902c3]
C  0x000001abb1765377

Java frames: (J=compiled Java code, j=interpreted, Vv=VM code)
v  ~RuntimeStub::new_type_array Runtime1 stub
J 1254 c1 java.awt.image.Raster.createInterleavedRaster(IIIII[ILjava/awt/Point;)Ljava/awt/image/WritableRaster; java.desktop@12.0.2 (97 bytes) @ 0x000001abb1edecc3 [0x000001abb1ede5e0+0x00000000000006e3]
J 1173 c1 java.awt.image.BufferedImage.<init>(III)V java.desktop@12.0.2 (913 bytes) @ 0x000001abb1e8472c [0x000001abb1e829a0+0x0000000000001d8c]
J 1172 c1 com.company.DrawPanel.paint(Ljava/awt/Graphics;)V (110 bytes) @ 0x000001abb1e809c4 [0x000001abb1e806e0+0x00000000000002e4]
J 1171 c1 javax.swing.JComponent.paintToOffscreen(Ljava/awt/Graphics;IIIIII)V java.desktop@12.0.2 (108 bytes) @ 0x000001abb1e7f3f4 [0x000001abb1e7f080+0x0000000000000374]
J 1374 c1 javax.swing.RepaintManager$PaintManager.paintDoubleBufferedFPScales(Ljavax/swing/JComponent;Ljava/awt/Image;Ljava/awt/Graphics;IIII)V java.desktop@12.0.2 (460 bytes) @ 0x000001abb1f30864 [0x000001abb1f2f120+0x0000000000001744]
J 1370 c1 javax.swing.RepaintManager$PaintManager.paintDoubleBuffered(Ljavax/swing/JComponent;Ljava/awt/Image;Ljava/awt/Graphics;IIII)V java.desktop@12.0.2 (50 bytes) @ 0x000001abb1ddbd0c [0x000001abb1ddba00+0x000000000000030c]
J 1342 c1 javax.swing.RepaintManager$PaintManager.paint(Ljavax/swing/JComponent;Ljavax/swing/JComponent;Ljava/awt/Graphics;IIII)Z java.desktop@12.0.2 (201 bytes) @ 0x000001abb1f24adc [0x000001abb1f23da0+0x0000000000000d3c]
J 1347 c1 javax.swing.RepaintManager.paint(Ljavax/swing/JComponent;Ljavax/swing/JComponent;Ljava/awt/Graphics;IIII)V java.desktop@12.0.2 (93 bytes) @ 0x000001abb1de117c [0x000001abb1de0cc0+0x00000000000004bc]
J 1320 c1 javax.swing.JComponent._paintImmediately(IIII)V java.desktop@12.0.2 (891 bytes) @ 0x000001abb1f147ac [0x000001abb1f117a0+0x000000000000300c]
J 1319 c1 javax.swing.JComponent.paintImmediately(IIII)V java.desktop@12.0.2 (155 bytes) @ 0x000001abb1f1a20c [0x000001abb1f19340+0x0000000000000ecc]
J 1336 c1 javax.swing.RepaintManager$4.run()Ljava/lang/Void; java.desktop@12.0.2 (277 bytes) @ 0x000001abb1f2246c [0x000001abb1f21d20+0x000000000000074c]
J 1309 c1 javax.swing.RepaintManager.paintDirtyRegions(Ljava/util/Map;)V java.desktop@12.0.2 (196 bytes) @ 0x000001abb1f05c84 [0x000001abb1f04860+0x0000000000001424]
J 1225 c1 javax.swing.RepaintManager.paintDirtyRegions()V java.desktop@12.0.2 (50 bytes) @ 0x000001abb1ecdd64 [0x000001abb1ecda80+0x00000000000002e4]
J 1308 c1 javax.swing.RepaintManager.prePaintDirtyRegions()V java.desktop@12.0.2 (91 bytes) @ 0x000001abb1f03e1c [0x000001abb1f03760+0x00000000000006bc]
J 1224 c1 javax.swing.RepaintManager$ProcessingRunnable.run()V java.desktop@12.0.2 (41 bytes) @ 0x000001abb1ecd554 [0x000001abb1ecd300+0x0000000000000254]
J 1049 c1 java.awt.event.InvocationEvent.dispatch()V java.desktop@12.0.2 (69 bytes) @ 0x000001abb1e40b6c [0x000001abb1e40920+0x000000000000024c]
J 1046 c1 java.awt.EventQueue.dispatchEventImpl(Ljava/awt/AWTEvent;Ljava/lang/Object;)V java.desktop@12.0.2 (136 bytes) @ 0x000001abb1e3d3fc [0x000001abb1e3b9c0+0x0000000000001a3c]
J 1045 c1 java.awt.EventQueue$4.run()Ljava/lang/Void; java.desktop@12.0.2 (60 bytes) @ 0x000001abb1dee36c [0x000001abb1dee220+0x000000000000014c]
J 993 c1 java.awt.EventQueue.dispatchEvent(Ljava/awt/AWTEvent;)V java.desktop@12.0.2 (80 bytes) @ 0x000001abb1dc3294 [0x000001abb1dc2980+0x0000000000000914]
J 999 c1 java.awt.EventDispatchThread.pumpOneEventForFilters(I)V java.desktop@12.0.2 (113 bytes) @ 0x000001abb1dc1acc [0x000001abb1dc1340+0x000000000000078c]
j  java.awt.EventDispatchThread.pumpEventsForFilter(ILjava/awt/Conditional;Ljava/awt/EventFilter;)V+35 java.desktop@12.0.2
j  java.awt.EventDispatchThread.pumpEventsForHierarchy(ILjava/awt/Conditional;Ljava/awt/Component;)V+11 java.desktop@12.0.2
j  java.awt.EventDispatchThread.pumpEvents(ILjava/awt/Conditional;)V+4 java.desktop@12.0.2
j  java.awt.EventDispatchThread.pumpEvents(Ljava/awt/Conditional;)V+3 java.desktop@12.0.2
j  java.awt.EventDispatchThread.run()V+9 java.desktop@12.0.2
v  ~StubRoutines::call_stub

---------------  P R O C E S S  ---------------

Threads class SMR info:
_java_thread_list=0x000001abc5e361b0, length=15, elements={
0x000001abc588d800, 0x000001abc5890000, 0x000001abc58ac000, 0x000001abc58af800,
0x000001abc58b2800, 0x000001abc58bc800, 0x000001abc592c000, 0x000001abc587c800,
0x000001abc5b78000, 0x000001abc5b79000, 0x000001abc5da0000, 0x000001abc5da5800,
0x000001abc5da9000, 0x000001abc69f5800, 0x000001aba92e6800
}

Java Threads: ( => current thread )
  0x000001abc588d800 JavaThread "Reference Handler" daemon [_thread_blocked, id=12616, stack(0x0000004f97800000,0x0000004f97900000)]
  0x000001abc5890000 JavaThread "Finalizer" daemon [_thread_blocked, id=876, stack(0x0000004f97900000,0x0000004f97a00000)]
  0x000001abc58ac000 JavaThread "Signal Dispatcher" daemon [_thread_blocked, id=2952, stack(0x0000004f97a00000,0x0000004f97b00000)]
  0x000001abc58af800 JavaThread "Attach Listener" daemon [_thread_blocked, id=12264, stack(0x0000004f97b00000,0x0000004f97c00000)]
  0x000001abc58b2800 JavaThread "C2 CompilerThread0" daemon [_thread_blocked, id=10948, stack(0x0000004f97c00000,0x0000004f97d00000)]
  0x000001abc58bc800 JavaThread "C1 CompilerThread0" daemon [_thread_blocked, id=19204, stack(0x0000004f97d00000,0x0000004f97e00000)]
  0x000001abc592c000 JavaThread "Sweeper thread" daemon [_thread_blocked, id=18700, stack(0x0000004f97e00000,0x0000004f97f00000)]
  0x000001abc587c800 JavaThread "Common-Cleaner" daemon [_thread_blocked, id=9016, stack(0x0000004f97f00000,0x0000004f98000000)]
  0x000001abc5b78000 JavaThread "Monitor Ctrl-Break" daemon [_thread_in_native, id=13000, stack(0x0000004f98000000,0x0000004f98100000)]
  0x000001abc5b79000 JavaThread "Service Thread" daemon [_thread_blocked, id=10776, stack(0x0000004f98100000,0x0000004f98200000)]
  0x000001abc5da0000 JavaThread "Java2D Disposer" daemon [_thread_blocked, id=19312, stack(0x0000004f98300000,0x0000004f98400000)]
  0x000001abc5da5800 JavaThread "AWT-Shutdown" [_thread_blocked, id=11664, stack(0x0000004f98400000,0x0000004f98500000)]
  0x000001abc5da9000 JavaThread "AWT-Windows" daemon [_thread_in_native, id=4720, stack(0x0000004f98500000,0x0000004f98600000)]
=>0x000001abc69f5800 JavaThread "AWT-EventQueue-0" [_thread_in_vm, id=17208, stack(0x0000004f98600000,0x0000004f98700000)]
  0x000001aba92e6800 JavaThread "DestroyJavaVM" [_thread_blocked, id=7712, stack(0x0000004f97100000,0x0000004f97200000)]

Other Threads:
  0x000001abc588a000 VMThread "VM Thread" [stack: 0x0000004f97700000,0x0000004f97800000] [id=18244]
  0x000001abc5b80800 WatcherThread [stack: 0x0000004f98200000,0x0000004f98300000] [id=19448]
  0x000001aba9314000 GCTaskThread "GC Thread#0" [stack: 0x0000004f97200000,0x0000004f97300000] [id=18956]
  0x000001abc6a43800 GCTaskThread "GC Thread#1" [stack: 0x0000004f98700000,0x0000004f98800000] [id=18596]
  0x000001abc6a44000 GCTaskThread "GC Thread#2" [stack: 0x0000004f98800000,0x0000004f98900000] [id=9288]
  0x000001abc6a44800 GCTaskThread "GC Thread#3" [stack: 0x0000004f98900000,0x0000004f98a00000] [id=12272]
  0x000001aba931b800 ConcurrentGCThread "G1 Main Marker" [stack: 0x0000004f97300000,0x0000004f97400000] [id=16328]
  0x000001aba931f000 ConcurrentGCThread "G1 Conc#0" [stack: 0x0000004f97400000,0x0000004f97500000] [id=5628]
  0x000001aba9377800 ConcurrentGCThread "G1 Refine#0" [stack: 0x0000004f97500000,0x0000004f97600000] [id=14996]
  0x000001aba9378800 ConcurrentGCThread "G1 Young RemSet Sampling" [stack: 0x0000004f97600000,0x0000004f97700000] [id=17240]

Threads with active compile tasks:

VM state:not at safepoint (normal execution)

VM Mutex/Monitor currently owned by a thread:  ([mutex/lock_event])
[0x000001aba92e4290] Heap_lock - owner thread: 0x000001abc69f5800

Heap address: 0x00000000c1e00000, size: 994 MB, Compressed Oops mode: 32-bit
Narrow klass base: 0x0000000800000000, Narrow klass shift: 3
Compressed class space size: 1073741824 Address: 0x0000000801190000

Heap:
 garbage-first heap   total 302080K, used 286213K [0x00000000c1e00000, 0x0000000100000000)
  region size 1024K, 7 young (7168K), 1 survivors (1024K)
 Metaspace       used 7667K, capacity 7981K, committed 8192K, reserved 1056768K
  class space    used 784K, capacity 923K, committed 1024K, reserved 1048576K
Heap Regions: E=young(eden), S=young(survivor), O=old, HS=humongous(starts), HC=humongous(continues), CS=collection set, F=free, A=archive, TAMS=top-at-mark-start (previous, next)
|   0|0x00000000c1e00000, 0x00000000c1f00000, 0x00000000c1f00000|100%|HS|  |TAMS 0x00000000c1e00000, 0x00000000c1e00000| Complete 
|   1|0x00000000c1f00000, 0x00000000c2000000, 0x00000000c2000000|100%|HC|  |TAMS 0x00000000c1f00000, 0x00000000c1f00000| Complete 
|   2|0x00000000c2000000, 0x00000000c2100000, 0x00000000c2100000|100%|HC|  |TAMS 0x00000000c2000000, 0x00000000c2000000| Complete 
|   3|0x00000000c2100000, 0x00000000c2200000, 0x00000000c2200000|100%|HC|  |TAMS 0x00000000c2100000, 0x00000000c2100000| Complete 
|   4|0x00000000c2200000, 0x00000000c2300000, 0x00000000c2300000|100%|HS|  |TAMS 0x00000000c2200000, 0x00000000c2200000| Complete 
|   5|0x00000000c2300000, 0x00000000c2400000, 0x00000000c2400000|100%|HC|  |TAMS 0x00000000c2300000, 0x00000000c2300000| Complete 
|   6|0x00000000c2400000, 0x00000000c2500000, 0x00000000c2500000|100%|HC|  |TAMS 0x00000000c2400000, 0x00000000c2400000| Complete 
|   7|0x00000000c2500000, 0x00000000c2600000, 0x00000000c2600000|100%|HC|  |TAMS 0x00000000c2500000, 0x00000000c2500000| Complete 
|   8|0x00000000c2600000, 0x00000000c2700000, 0x00000000c2700000|100%|HS|  |TAMS 0x00000000c2600000, 0x00000000c2600000| Complete 
|   9|0x00000000c2700000, 0x00000000c2800000, 0x00000000c2800000|100%|HC|  |TAMS 0x00000000c2700000, 0x00000000c2700000| Complete 
|  10|0x00000000c2800000, 0x00000000c2900000, 0x00000000c2900000|100%|HC|  |TAMS 0x00000000c2800000, 0x00000000c2800000| Complete 
|  11|0x00000000c2900000, 0x00000000c2a00000, 0x00000000c2a00000|100%|HC|  |TAMS 0x00000000c2900000, 0x00000000c2900000| Complete 
|  12|0x00000000c2a00000, 0x00000000c2b00000, 0x00000000c2b00000|100%|HS|  |TAMS 0x00000000c2a00000, 0x00000000c2a00000| Complete 
|  13|0x00000000c2b00000, 0x00000000c2c00000, 0x00000000c2c00000|100%|HC|  |TAMS 0x00000000c2b00000, 0x00000000c2b00000| Complete 
|  14|0x00000000c2c00000, 0x00000000c2d00000, 0x00000000c2d00000|100%|HC|  |TAMS 0x00000000c2c00000, 0x00000000c2c00000| Complete 
|  15|0x00000000c2d00000, 0x00000000c2e00000, 0x00000000c2e00000|100%|HC|  |TAMS 0x00000000c2d00000, 0x00000000c2d00000| Complete 
|  16|0x00000000c2e00000, 0x00000000c2f00000, 0x00000000c2f00000|100%|HS|  |TAMS 0x00000000c2f00000, 0x00000000c2e00000| Complete 
|  17|0x00000000c2f00000, 0x00000000c3000000, 0x00000000c3000000|100%|HC|  |TAMS 0x00000000c3000000, 0x00000000c2f00000| Complete 
|  18|0x00000000c3000000, 0x00000000c3100000, 0x00000000c3100000|100%|HC|  |TAMS 0x00000000c3100000, 0x00000000c3000000| Complete 
|  19|0x00000000c3100000, 0x00000000c3200000, 0x00000000c3200000|100%|HC|  |TAMS 0x00000000c3200000, 0x00000000c3100000| Complete 
|  20|0x00000000c3200000, 0x00000000c3300000, 0x00000000c3300000|100%|HC|  |TAMS 0x00000000c3300000, 0x00000000c3200000| Complete 
|  21|0x00000000c3300000, 0x00000000c3400000, 0x00000000c3400000|100%|HC|  |TAMS 0x00000000c3400000, 0x00000000c3300000| Complete 
|  22|0x00000000c3400000, 0x00000000c3500000, 0x00000000c3500000|100%|HC|  |TAMS 0x00000000c3500000, 0x00000000c3400000| Complete 
|  23|0x00000000c3500000, 0x00000000c3600000, 0x00000000c3600000|100%|HC|  |TAMS 0x00000000c3600000, 0x00000000c3500000| Complete 
|  24|0x00000000c3600000, 0x00000000c3700000, 0x00000000c3700000|100%|HS|  |TAMS 0x00000000c3600000, 0x00000000c3600000| Complete 
|  25|0x00000000c3700000, 0x00000000c3800000, 0x00000000c3800000|100%|HC|  |TAMS 0x00000000c3700000, 0x00000000c3700000| Complete 
|  26|0x00000000c3800000, 0x00000000c3900000, 0x00000000c3900000|100%|HC|  |TAMS 0x00000000c3800000, 0x00000000c3800000| Complete 
|  27|0x00000000c3900000, 0x00000000c3a00000, 0x00000000c3a00000|100%|HC|  |TAMS 0x00000000c3900000, 0x00000000c3900000| Complete 
|  28|0x00000000c3a00000, 0x00000000c3b00000, 0x00000000c3b00000|100%| O|  |TAMS 0x00000000c3b00000, 0x00000000c3a00000| Untracked 
|  29|0x00000000c3b00000, 0x00000000c3c00000, 0x00000000c3c00000|100%|HS|  |TAMS 0x00000000c3b00000, 0x00000000c3b00000| Complete 
|  30|0x00000000c3c00000, 0x00000000c3d00000, 0x00000000c3d00000|100%|HC|  |TAMS 0x00000000c3c00000, 0x00000000c3c00000| Complete 
|  31|0x00000000c3d00000, 0x00000000c3e00000, 0x00000000c3e00000|100%|HC|  |TAMS 0x00000000c3d00000, 0x00000000c3d00000| Complete 
|  32|0x00000000c3e00000, 0x00000000c3f00000, 0x00000000c3f00000|100%|HC|  |TAMS 0x00000000c3e00000, 0x00000000c3e00000| Complete 
|  33|0x00000000c3f00000, 0x00000000c4000000, 0x00000000c4000000|100%| O|  |TAMS 0x00000000c4000000, 0x00000000c3f00000| Untracked 
|  34|0x00000000c4000000, 0x00000000c4045e00, 0x00000000c4100000| 27%| O|  |TAMS 0x00000000c4045e00, 0x00000000c4000000| Complete 
|  35|0x00000000c4100000, 0x00000000c4107e00, 0x00000000c4200000|  3%| O|  |TAMS 0x00000000c4107e00, 0x00000000c4100000| Complete 
|  36|0x00000000c4200000, 0x00000000c4300000, 0x00000000c4300000|100%|HS|  |TAMS 0x00000000c4200000, 0x00000000c4200000| Complete 
|  37|0x00000000c4300000, 0x00000000c4400000, 0x00000000c4400000|100%|HC|  |TAMS 0x00000000c4300000, 0x00000000c4300000| Complete 
|  38|0x00000000c4400000, 0x00000000c4500000, 0x00000000c4500000|100%|HC|  |TAMS 0x00000000c4400000, 0x00000000c4400000| Complete 
|  39|0x00000000c4500000, 0x00000000c4600000, 0x00000000c4600000|100%|HC|  |TAMS 0x00000000c4500000, 0x00000000c4500000| Complete 
|  40|0x00000000c4600000, 0x00000000c4603000, 0x00000000c4700000|  1%| O|  |TAMS 0x00000000c4603000, 0x00000000c4600000| Complete 
|  41|0x00000000c4700000, 0x00000000c470b200, 0x00000000c4800000|  4%| O|  |TAMS 0x00000000c470b200, 0x00000000c4700000| Complete 
|  42|0x00000000c4800000, 0x00000000c48a45d0, 0x00000000c4900000| 64%| E|  |TAMS 0x00000000c4800000, 0x00000000c4800000| Complete 
|  43|0x00000000c4900000, 0x00000000c4901200, 0x00000000c4a00000|  0%| O|  |TAMS 0x00000000c4901200, 0x00000000c4900000| Complete 
|  44|0x00000000c4a00000, 0x00000000c4b00000, 0x00000000c4b00000|100%|HS|  |TAMS 0x00000000c4a00000, 0x00000000c4a00000| Complete 
|  45|0x00000000c4b00000, 0x00000000c4c00000, 0x00000000c4c00000|100%|HC|  |TAMS 0x00000000c4b00000, 0x00000000c4b00000| Complete 
|  46|0x00000000c4c00000, 0x00000000c4d00000, 0x00000000c4d00000|100%|HC|  |TAMS 0x00000000c4c00000, 0x00000000c4c00000| Complete 
|  47|0x00000000c4d00000, 0x00000000c4e00000, 0x00000000c4e00000|100%|HC|  |TAMS 0x00000000c4d00000, 0x00000000c4d00000| Complete 
|  48|0x00000000c4e00000, 0x00000000c4f00000, 0x00000000c4f00000|100%|HS|  |TAMS 0x00000000c4e00000, 0x00000000c4e00000| Complete 
|  49|0x00000000c4f00000, 0x00000000c5000000, 0x00000000c5000000|100%|HC|  |TAMS 0x00000000c4f00000, 0x00000000c4f00000| Complete 
|  50|0x00000000c5000000, 0x00000000c5100000, 0x00000000c5100000|100%|HC|  |TAMS 0x00000000c5000000, 0x00000000c5000000| Complete 
|  51|0x00000000c5100000, 0x00000000c5200000, 0x00000000c5200000|100%|HC|  |TAMS 0x00000000c5100000, 0x00000000c5100000| Complete 
|  52|0x00000000c5200000, 0x00000000c5300000, 0x00000000c5300000|100%|HS|  |TAMS 0x00000000c5200000, 0x00000000c5200000| Complete 
|  53|0x00000000c5300000, 0x00000000c5400000, 0x00000000c5400000|100%|HC|  |TAMS 0x00000000c5300000, 0x00000000c5300000| Complete 
|  54|0x00000000c5400000, 0x00000000c5500000, 0x00000000c5500000|100%|HC|  |TAMS 0x00000000c5400000, 0x00000000c5400000| Complete 
|  55|0x00000000c5500000, 0x00000000c5600000, 0x00000000c5600000|100%|HC|  |TAMS 0x00000000c5500000, 0x00000000c5500000| Complete 
|  56|0x00000000c5600000, 0x00000000c5700000, 0x00000000c5700000|100%|HS|  |TAMS 0x00000000c5600000, 0x00000000c5600000| Complete 
|  57|0x00000000c5700000, 0x00000000c5800000, 0x00000000c5800000|100%|HC|  |TAMS 0x00000000c5700000, 0x00000000c5700000| Complete 
|  58|0x00000000c5800000, 0x00000000c5900000, 0x00000000c5900000|100%|HC|  |TAMS 0x00000000c5800000, 0x00000000c5800000| Complete 
|  59|0x00000000c5900000, 0x00000000c5a00000, 0x00000000c5a00000|100%|HC|  |TAMS 0x00000000c5900000, 0x00000000c5900000| Complete 
|  60|0x00000000c5a00000, 0x00000000c5b00000, 0x00000000c5b00000|100%|HS|  |TAMS 0x00000000c5a00000, 0x00000000c5a00000| Complete 
|  61|0x00000000c5b00000, 0x00000000c5c00000, 0x00000000c5c00000|100%|HC|  |TAMS 0x00000000c5b00000, 0x00000000c5b00000| Complete 
|  62|0x00000000c5c00000, 0x00000000c5d00000, 0x00000000c5d00000|100%|HC|  |TAMS 0x00000000c5c00000, 0x00000000c5c00000| Complete 
|  63|0x00000000c5d00000, 0x00000000c5e00000, 0x00000000c5e00000|100%|HC|  |TAMS 0x00000000c5d00000, 0x00000000c5d00000| Complete 
|  64|0x00000000c5e00000, 0x00000000c5f00000, 0x00000000c5f00000|100%|HS|  |TAMS 0x00000000c5e00000, 0x00000000c5e00000| Complete 
|  65|0x00000000c5f00000, 0x00000000c6000000, 0x00000000c6000000|100%|HC|  |TAMS 0x00000000c5f00000, 0x00000000c5f00000| Complete 
|  66|0x00000000c6000000, 0x00000000c6100000, 0x00000000c6100000|100%|HC|  |TAMS 0x00000000c6000000, 0x00000000c6000000| Complete 
|  67|0x00000000c6100000, 0x00000000c6200000, 0x00000000c6200000|100%|HC|  |TAMS 0x00000000c6100000, 0x00000000c6100000| Complete 
|  68|0x00000000c6200000, 0x00000000c6300000, 0x00000000c6300000|100%|HS|  |TAMS 0x00000000c6200000, 0x00000000c6200000| Complete 
|  69|0x00000000c6300000, 0x00000000c6400000, 0x00000000c6400000|100%|HC|  |TAMS 0x00000000c6300000, 0x00000000c6300000| Complete 
|  70|0x00000000c6400000, 0x00000000c6500000, 0x00000000c6500000|100%|HC|  |TAMS 0x00000000c6400000, 0x00000000c6400000| Complete 
|  71|0x00000000c6500000, 0x00000000c6600000, 0x00000000c6600000|100%|HC|  |TAMS 0x00000000c6500000, 0x00000000c6500000| Complete 
|  72|0x00000000c6600000, 0x00000000c6618400, 0x00000000c6700000|  9%| O|  |TAMS 0x00000000c6618400, 0x00000000c6600000| Complete 
|  73|0x00000000c6700000, 0x00000000c6800000, 0x00000000c6800000|100%|HS|  |TAMS 0x00000000c6700000, 0x00000000c6700000| Complete 
|  74|0x00000000c6800000, 0x00000000c6900000, 0x00000000c6900000|100%|HC|  |TAMS 0x00000000c6800000, 0x00000000c6800000| Complete 
|  75|0x00000000c6900000, 0x00000000c6a00000, 0x00000000c6a00000|100%|HC|  |TAMS 0x00000000c6900000, 0x00000000c6900000| Complete 
|  76|0x00000000c6a00000, 0x00000000c6b00000, 0x00000000c6b00000|100%|HC|  |TAMS 0x00000000c6a00000, 0x00000000c6a00000| Complete 
|  77|0x00000000c6b00000, 0x00000000c6c00000, 0x00000000c6c00000|100%|HS|  |TAMS 0x00000000c6b00000, 0x00000000c6b00000| Complete 
|  78|0x00000000c6c00000, 0x00000000c6d00000, 0x00000000c6d00000|100%|HC|  |TAMS 0x00000000c6c00000, 0x00000000c6c00000| Complete 
|  79|0x00000000c6d00000, 0x00000000c6e00000, 0x00000000c6e00000|100%|HC|  |TAMS 0x00000000c6d00000, 0x00000000c6d00000| Complete 
|  80|0x00000000c6e00000, 0x00000000c6f00000, 0x00000000c6f00000|100%|HC|  |TAMS 0x00000000c6e00000, 0x00000000c6e00000| Complete 
|  81|0x00000000c6f00000, 0x00000000c7000000, 0x00000000c7000000|100%|HS|  |TAMS 0x00000000c6f00000, 0x00000000c6f00000| Complete 
|  82|0x00000000c7000000, 0x00000000c7100000, 0x00000000c7100000|100%|HC|  |TAMS 0x00000000c7000000, 0x00000000c7000000| Complete 
|  83|0x00000000c7100000, 0x00000000c7200000, 0x00000000c7200000|100%|HC|  |TAMS 0x00000000c7100000, 0x00000000c7100000| Complete 
|  84|0x00000000c7200000, 0x00000000c7300000, 0x00000000c7300000|100%|HC|  |TAMS 0x00000000c7200000, 0x00000000c7200000| Complete 
|  85|0x00000000c7300000, 0x00000000c7400000, 0x00000000c7400000|100%|HS|  |TAMS 0x00000000c7300000, 0x00000000c7300000| Complete 
|  86|0x00000000c7400000, 0x00000000c7500000, 0x00000000c7500000|100%|HC|  |TAMS 0x00000000c7400000, 0x00000000c7400000| Complete 
|  87|0x00000000c7500000, 0x00000000c7600000, 0x00000000c7600000|100%|HC|  |TAMS 0x00000000c7500000, 0x00000000c7500000| Complete 
|  88|0x00000000c7600000, 0x00000000c7700000, 0x00000000c7700000|100%|HC|  |TAMS 0x00000000c7600000, 0x00000000c7600000| Complete 
|  89|0x00000000c7700000, 0x00000000c7800000, 0x00000000c7800000|100%|HS|  |TAMS 0x00000000c7700000, 0x00000000c7700000| Complete 
|  90|0x00000000c7800000, 0x00000000c7900000, 0x00000000c7900000|100%|HC|  |TAMS 0x00000000c7800000, 0x00000000c7800000| Complete 
|  91|0x00000000c7900000, 0x00000000c7a00000, 0x00000000c7a00000|100%|HC|  |TAMS 0x00000000c7900000, 0x00000000c7900000| Complete 
|  92|0x00000000c7a00000, 0x00000000c7b00000, 0x00000000c7b00000|100%|HC|  |TAMS 0x00000000c7a00000, 0x00000000c7a00000| Complete 
|  93|0x00000000c7b00000, 0x00000000c7c00000, 0x00000000c7c00000|100%|HS|  |TAMS 0x00000000c7b00000, 0x00000000c7b00000| Complete 
|  94|0x00000000c7c00000, 0x00000000c7d00000, 0x00000000c7d00000|100%|HC|  |TAMS 0x00000000c7c00000, 0x00000000c7c00000| Complete 
|  95|0x00000000c7d00000, 0x00000000c7e00000, 0x00000000c7e00000|100%|HC|  |TAMS 0x00000000c7d00000, 0x00000000c7d00000| Complete 
|  96|0x00000000c7e00000, 0x00000000c7f00000, 0x00000000c7f00000|100%|HC|  |TAMS 0x00000000c7e00000, 0x00000000c7e00000| Complete 
|  97|0x00000000c7f00000, 0x00000000c8000000, 0x00000000c8000000|100%|HS|  |TAMS 0x00000000c7f00000, 0x00000000c7f00000| Complete 
|  98|0x00000000c8000000, 0x00000000c8100000, 0x00000000c8100000|100%|HC|  |TAMS 0x00000000c8000000, 0x00000000c8000000| Complete 
|  99|0x00000000c8100000, 0x00000000c8200000, 0x00000000c8200000|100%|HC|  |TAMS 0x00000000c8100000, 0x00000000c8100000| Complete 
| 100|0x00000000c8200000, 0x00000000c8300000, 0x00000000c8300000|100%|HC|  |TAMS 0x00000000c8200000, 0x00000000c8200000| Complete 
| 101|0x00000000c8300000, 0x00000000c8400000, 0x00000000c8400000|100%| E|CS|TAMS 0x00000000c8300000, 0x00000000c8300000| Complete 
| 102|0x00000000c8400000, 0x00000000c8500000, 0x00000000c8500000|100%| E|CS|TAMS 0x00000000c8400000, 0x00000000c8400000| Complete 
| 103|0x00000000c8500000, 0x00000000c8600000, 0x00000000c8600000|100%| E|CS|TAMS 0x00000000c8500000, 0x00000000c8500000| Complete 
| 104|0x00000000c8600000, 0x00000000c8700000, 0x00000000c8700000|100%|HS|  |TAMS 0x00000000c8600000, 0x00000000c8600000| Complete 
| 105|0x00000000c8700000, 0x00000000c8800000, 0x00000000c8800000|100%|HC|  |TAMS 0x00000000c8700000, 0x00000000c8700000| Complete 
| 106|0x00000000c8800000, 0x00000000c8900000, 0x00000000c8900000|100%|HC|  |TAMS 0x00000000c8800000, 0x00000000c8800000| Complete 
| 107|0x00000000c8900000, 0x00000000c8a00000, 0x00000000c8a00000|100%|HC|  |TAMS 0x00000000c8900000, 0x00000000c8900000| Complete 
| 108|0x00000000c8a00000, 0x00000000c8b00000, 0x00000000c8b00000|100%|HS|  |TAMS 0x00000000c8a00000, 0x00000000c8a00000| Complete 
| 109|0x00000000c8b00000, 0x00000000c8c00000, 0x00000000c8c00000|100%|HC|  |TAMS 0x00000000c8b00000, 0x00000000c8b00000| Complete 
| 110|0x00000000c8c00000, 0x00000000c8d00000, 0x00000000c8d00000|100%|HC|  |TAMS 0x00000000c8c00000, 0x00000000c8c00000| Complete 
| 111|0x00000000c8d00000, 0x00000000c8e00000, 0x00000000c8e00000|100%|HC|  |TAMS 0x00000000c8d00000, 0x00000000c8d00000| Complete 
| 112|0x00000000c8e00000, 0x00000000c8f00000, 0x00000000c8f00000|100%|HS|  |TAMS 0x00000000c8e00000, 0x00000000c8e00000| Complete 
| 113|0x00000000c8f00000, 0x00000000c9000000, 0x00000000c9000000|100%|HC|  |TAMS 0x00000000c8f00000, 0x00000000c8f00000| Complete 
| 114|0x00000000c9000000, 0x00000000c9100000, 0x00000000c9100000|100%|HC|  |TAMS 0x00000000c9000000, 0x00000000c9000000| Complete 
| 115|0x00000000c9100000, 0x00000000c9200000, 0x00000000c9200000|100%|HC|  |TAMS 0x00000000c9100000, 0x00000000c9100000| Complete 
| 116|0x00000000c9200000, 0x00000000c9203060, 0x00000000c9300000|  1%| S|CS|TAMS 0x00000000c9200000, 0x00000000c9200000| Complete 
| 117|0x00000000c9300000, 0x00000000c9302400, 0x00000000c9400000|  0%| O|  |TAMS 0x00000000c9302400, 0x00000000c9300000| Complete 
| 118|0x00000000c9400000, 0x00000000c9402c00, 0x00000000c9500000|  1%| O|  |TAMS 0x00000000c9402c00, 0x00000000c9400000| Complete 
| 119|0x00000000c9500000, 0x00000000c9600000, 0x00000000c9600000|100%|HS|  |TAMS 0x00000000c9500000, 0x00000000c9500000| Complete 
| 120|0x00000000c9600000, 0x00000000c9700000, 0x00000000c9700000|100%|HC|  |TAMS 0x00000000c9600000, 0x00000000c9600000| Complete 
| 121|0x00000000c9700000, 0x00000000c9800000, 0x00000000c9800000|100%|HC|  |TAMS 0x00000000c9700000, 0x00000000c9700000| Complete 
| 122|0x00000000c9800000, 0x00000000c9900000, 0x00000000c9900000|100%|HC|  |TAMS 0x00000000c9800000, 0x00000000c9800000| Complete 
| 123|0x00000000c9900000, 0x00000000c9a00000, 0x00000000c9a00000|100%|HS|  |TAMS 0x00000000c9900000, 0x00000000c9900000| Complete 
| 124|0x00000000c9a00000, 0x00000000c9b00000, 0x00000000c9b00000|100%|HC|  |TAMS 0x00000000c9a00000, 0x00000000c9a00000| Complete 
| 125|0x00000000c9b00000, 0x00000000c9c00000, 0x00000000c9c00000|100%|HC|  |TAMS 0x00000000c9b00000, 0x00000000c9b00000| Complete 
| 126|0x00000000c9c00000, 0x00000000c9d00000, 0x00000000c9d00000|100%|HC|  |TAMS 0x00000000c9c00000, 0x00000000c9c00000| Complete 
| 127|0x00000000c9d00000, 0x00000000c9e00000, 0x00000000c9e00000|100%|HS|  |TAMS 0x00000000c9d00000, 0x00000000c9d00000| Complete 
| 128|0x00000000c9e00000, 0x00000000c9f00000, 0x00000000c9f00000|100%|HC|  |TAMS 0x00000000c9e00000, 0x00000000c9e00000| Complete 
| 129|0x00000000c9f00000, 0x00000000ca000000, 0x00000000ca000000|100%|HC|  |TAMS 0x00000000c9f00000, 0x00000000c9f00000| Complete 
| 130|0x00000000ca000000, 0x00000000ca100000, 0x00000000ca100000|100%|HC|  |TAMS 0x00000000ca000000, 0x00000000ca000000| Complete 
| 131|0x00000000ca100000, 0x00000000ca200000, 0x00000000ca200000|100%|HS|  |TAMS 0x00000000ca100000, 0x00000000ca100000| Complete 
| 132|0x00000000ca200000, 0x00000000ca300000, 0x00000000ca300000|100%|HC|  |TAMS 0x00000000ca200000, 0x00000000ca200000| Complete 
| 133|0x00000000ca300000, 0x00000000ca400000, 0x00000000ca400000|100%|HC|  |TAMS 0x00000000ca300000, 0x00000000ca300000| Complete 
| 134|0x00000000ca400000, 0x00000000ca500000, 0x00000000ca500000|100%|HC|  |TAMS 0x00000000ca400000, 0x00000000ca400000| Complete 
| 136|0x00000000ca600000, 0x00000000ca602400, 0x00000000ca700000|  0%| O|  |TAMS 0x00000000ca602400, 0x00000000ca600000| Complete 
| 140|0x00000000caa00000, 0x00000000caa01c00, 0x00000000cab00000|  0%| O|  |TAMS 0x00000000caa01c00, 0x00000000caa00000| Complete 
| 141|0x00000000cab00000, 0x00000000cac00000, 0x00000000cac00000|100%|HS|  |TAMS 0x00000000cab00000, 0x00000000cab00000| Complete 
| 142|0x00000000cac00000, 0x00000000cad00000, 0x00000000cad00000|100%|HC|  |TAMS 0x00000000cac00000, 0x00000000cac00000| Complete 
| 143|0x00000000cad00000, 0x00000000cae00000, 0x00000000cae00000|100%|HC|  |TAMS 0x00000000cad00000, 0x00000000cad00000| Complete 
| 144|0x00000000cae00000, 0x00000000caf00000, 0x00000000caf00000|100%|HC|  |TAMS 0x00000000cae00000, 0x00000000cae00000| Complete 
| 145|0x00000000caf00000, 0x00000000cb000000, 0x00000000cb000000|100%|HS|  |TAMS 0x00000000caf00000, 0x00000000caf00000| Complete 
| 146|0x00000000cb000000, 0x00000000cb100000, 0x00000000cb100000|100%|HC|  |TAMS 0x00000000cb000000, 0x00000000cb000000| Complete 
| 147|0x00000000cb100000, 0x00000000cb200000, 0x00000000cb200000|100%|HC|  |TAMS 0x00000000cb100000, 0x00000000cb100000| Complete 
| 148|0x00000000cb200000, 0x00000000cb300000, 0x00000000cb300000|100%|HC|  |TAMS 0x00000000cb200000, 0x00000000cb200000| Complete 
| 149|0x00000000cb300000, 0x00000000cb400000, 0x00000000cb400000|100%|HS|  |TAMS 0x00000000cb300000, 0x00000000cb300000| Complete 
| 150|0x00000000cb400000, 0x00000000cb500000, 0x00000000cb500000|100%|HC|  |TAMS 0x00000000cb400000, 0x00000000cb400000| Complete 
| 151|0x00000000cb500000, 0x00000000cb600000, 0x00000000cb600000|100%|HC|  |TAMS 0x00000000cb500000, 0x00000000cb500000| Complete 
| 152|0x00000000cb600000, 0x00000000cb700000, 0x00000000cb700000|100%|HC|  |TAMS 0x00000000cb600000, 0x00000000cb600000| Complete 
| 153|0x00000000cb700000, 0x00000000cb800000, 0x00000000cb800000|100%|HS|  |TAMS 0x00000000cb700000, 0x00000000cb700000| Complete 
| 154|0x00000000cb800000, 0x00000000cb900000, 0x00000000cb900000|100%|HC|  |TAMS 0x00000000cb800000, 0x00000000cb800000| Complete 
| 155|0x00000000cb900000, 0x00000000cba00000, 0x00000000cba00000|100%|HC|  |TAMS 0x00000000cb900000, 0x00000000cb900000| Complete 
| 156|0x00000000cba00000, 0x00000000cbb00000, 0x00000000cbb00000|100%|HC|  |TAMS 0x00000000cba00000, 0x00000000cba00000| Complete 
| 157|0x00000000cbb00000, 0x00000000cbc00000, 0x00000000cbc00000|100%|HS|  |TAMS 0x00000000cbb00000, 0x00000000cbb00000| Complete 
| 158|0x00000000cbc00000, 0x00000000cbd00000, 0x00000000cbd00000|100%|HC|  |TAMS 0x00000000cbc00000, 0x00000000cbc00000| Complete 
| 159|0x00000000cbd00000, 0x00000000cbe00000, 0x00000000cbe00000|100%|HC|  |TAMS 0x00000000cbd00000, 0x00000000cbd00000| Complete 
| 160|0x00000000cbe00000, 0x00000000cbf00000, 0x00000000cbf00000|100%|HC|  |TAMS 0x00000000cbe00000, 0x00000000cbe00000| Complete 
| 161|0x00000000cbf00000, 0x00000000cc000000, 0x00000000cc000000|100%|HS|  |TAMS 0x00000000cbf00000, 0x00000000cbf00000| Complete 
| 162|0x00000000cc000000, 0x00000000cc100000, 0x00000000cc100000|100%|HC|  |TAMS 0x00000000cc000000, 0x00000000cc000000| Complete 
| 163|0x00000000cc100000, 0x00000000cc200000, 0x00000000cc200000|100%|HC|  |TAMS 0x00000000cc100000, 0x00000000cc100000| Complete 
| 164|0x00000000cc200000, 0x00000000cc300000, 0x00000000cc300000|100%|HC|  |TAMS 0x00000000cc200000, 0x00000000cc200000| Complete 
| 165|0x00000000cc300000, 0x00000000cc400000, 0x00000000cc400000|100%|HS|  |TAMS 0x00000000cc300000, 0x00000000cc300000| Complete 
| 166|0x00000000cc400000, 0x00000000cc500000, 0x00000000cc500000|100%|HC|  |TAMS 0x00000000cc400000, 0x00000000cc400000| Complete 
| 167|0x00000000cc500000, 0x00000000cc600000, 0x00000000cc600000|100%|HC|  |TAMS 0x00000000cc500000, 0x00000000cc500000| Complete 
| 168|0x00000000cc600000, 0x00000000cc700000, 0x00000000cc700000|100%|HC|  |TAMS 0x00000000cc600000, 0x00000000cc600000| Complete 
| 169|0x00000000cc700000, 0x00000000cc800000, 0x00000000cc800000|100%|HS|  |TAMS 0x00000000cc700000, 0x00000000cc700000| Complete 
| 170|0x00000000cc800000, 0x00000000cc900000, 0x00000000cc900000|100%|HC|  |TAMS 0x00000000cc800000, 0x00000000cc800000| Complete 
| 171|0x00000000cc900000, 0x00000000cca00000, 0x00000000cca00000|100%|HC|  |TAMS 0x00000000cc900000, 0x00000000cc900000| Complete 
| 172|0x00000000cca00000, 0x00000000ccb00000, 0x00000000ccb00000|100%|HC|  |TAMS 0x00000000cca00000, 0x00000000cca00000| Complete 
| 173|0x00000000ccb00000, 0x00000000ccc00000, 0x00000000ccc00000|100%|HS|  |TAMS 0x00000000ccb00000, 0x00000000ccb00000| Complete 
| 174|0x00000000ccc00000, 0x00000000ccd00000, 0x00000000ccd00000|100%|HC|  |TAMS 0x00000000ccc00000, 0x00000000ccc00000| Complete 
| 175|0x00000000ccd00000, 0x00000000cce00000, 0x00000000cce00000|100%|HC|  |TAMS 0x00000000ccd00000, 0x00000000ccd00000| Complete 
| 176|0x00000000cce00000, 0x00000000ccf00000, 0x00000000ccf00000|100%|HC|  |TAMS 0x00000000cce00000, 0x00000000cce00000| Complete 
| 177|0x00000000ccf00000, 0x00000000cd000000, 0x00000000cd000000|100%|HS|  |TAMS 0x00000000ccf00000, 0x00000000ccf00000| Complete 
| 178|0x00000000cd000000, 0x00000000cd100000, 0x00000000cd100000|100%|HC|  |TAMS 0x00000000cd000000, 0x00000000cd000000| Complete 
| 179|0x00000000cd100000, 0x00000000cd200000, 0x00000000cd200000|100%|HC|  |TAMS 0x00000000cd100000, 0x00000000cd100000| Complete 
| 180|0x00000000cd200000, 0x00000000cd300000, 0x00000000cd300000|100%|HC|  |TAMS 0x00000000cd200000, 0x00000000cd200000| Complete 
| 181|0x00000000cd300000, 0x00000000cd400000, 0x00000000cd400000|100%|HS|  |TAMS 0x00000000cd300000, 0x00000000cd300000| Complete 
| 182|0x00000000cd400000, 0x00000000cd500000, 0x00000000cd500000|100%|HC|  |TAMS 0x00000000cd400000, 0x00000000cd400000| Complete 
| 183|0x00000000cd500000, 0x00000000cd600000, 0x00000000cd600000|100%|HC|  |TAMS 0x00000000cd500000, 0x00000000cd500000| Complete 
| 184|0x00000000cd600000, 0x00000000cd700000, 0x00000000cd700000|100%|HC|  |TAMS 0x00000000cd600000, 0x00000000cd600000| Complete 
| 185|0x00000000cd700000, 0x00000000cd800000, 0x00000000cd800000|100%|HS|  |TAMS 0x00000000cd700000, 0x00000000cd700000| Complete 
| 186|0x00000000cd800000, 0x00000000cd900000, 0x00000000cd900000|100%|HC|  |TAMS 0x00000000cd800000, 0x00000000cd800000| Complete 
| 187|0x00000000cd900000, 0x00000000cda00000, 0x00000000cda00000|100%|HC|  |TAMS 0x00000000cd900000, 0x00000000cd900000| Complete 
| 188|0x00000000cda00000, 0x00000000cdb00000, 0x00000000cdb00000|100%|HC|  |TAMS 0x00000000cda00000, 0x00000000cda00000| Complete 
| 189|0x00000000cdb00000, 0x00000000cdc00000, 0x00000000cdc00000|100%|HS|  |TAMS 0x00000000cdb00000, 0x00000000cdb00000| Complete 
| 190|0x00000000cdc00000, 0x00000000cdd00000, 0x00000000cdd00000|100%|HC|  |TAMS 0x00000000cdc00000, 0x00000000cdc00000| Complete 
| 191|0x00000000cdd00000, 0x00000000cde00000, 0x00000000cde00000|100%|HC|  |TAMS 0x00000000cdd00000, 0x00000000cdd00000| Complete 
| 192|0x00000000cde00000, 0x00000000cdf00000, 0x00000000cdf00000|100%|HC|  |TAMS 0x00000000cde00000, 0x00000000cde00000| Complete 
| 193|0x00000000cdf00000, 0x00000000ce000000, 0x00000000ce000000|100%|HS|  |TAMS 0x00000000cdf00000, 0x00000000cdf00000| Complete 
| 194|0x00000000ce000000, 0x00000000ce100000, 0x00000000ce100000|100%|HC|  |TAMS 0x00000000ce000000, 0x00000000ce000000| Complete 
| 195|0x00000000ce100000, 0x00000000ce200000, 0x00000000ce200000|100%|HC|  |TAMS 0x00000000ce100000, 0x00000000ce100000| Complete 
| 196|0x00000000ce200000, 0x00000000ce300000, 0x00000000ce300000|100%|HC|  |TAMS 0x00000000ce200000, 0x00000000ce200000| Complete 
| 197|0x00000000ce300000, 0x00000000ce400000, 0x00000000ce400000|100%|HS|  |TAMS 0x00000000ce300000, 0x00000000ce300000| Complete 
| 198|0x00000000ce400000, 0x00000000ce500000, 0x00000000ce500000|100%|HC|  |TAMS 0x00000000ce400000, 0x00000000ce400000| Complete 
| 199|0x00000000ce500000, 0x00000000ce600000, 0x00000000ce600000|100%|HC|  |TAMS 0x00000000ce500000, 0x00000000ce500000| Complete 
| 200|0x00000000ce600000, 0x00000000ce700000, 0x00000000ce700000|100%|HC|  |TAMS 0x00000000ce600000, 0x00000000ce600000| Complete 
| 201|0x00000000ce700000, 0x00000000ce800000, 0x00000000ce800000|100%|HS|  |TAMS 0x00000000ce700000, 0x00000000ce700000| Complete 
| 202|0x00000000ce800000, 0x00000000ce900000, 0x00000000ce900000|100%|HC|  |TAMS 0x00000000ce800000, 0x00000000ce800000| Complete 
| 203|0x00000000ce900000, 0x00000000cea00000, 0x00000000cea00000|100%|HC|  |TAMS 0x00000000ce900000, 0x00000000ce900000| Complete 
| 204|0x00000000cea00000, 0x00000000ceb00000, 0x00000000ceb00000|100%|HC|  |TAMS 0x00000000cea00000, 0x00000000cea00000| Complete 
| 205|0x00000000ceb00000, 0x00000000cec00000, 0x00000000cec00000|100%|HS|  |TAMS 0x00000000ceb00000, 0x00000000ceb00000| Complete 
| 206|0x00000000cec00000, 0x00000000ced00000, 0x00000000ced00000|100%|HC|  |TAMS 0x00000000cec00000, 0x00000000cec00000| Complete 
| 207|0x00000000ced00000, 0x00000000cee00000, 0x00000000cee00000|100%|HC|  |TAMS 0x00000000ced00000, 0x00000000ced00000| Complete 
| 208|0x00000000cee00000, 0x00000000cef00000, 0x00000000cef00000|100%|HC|  |TAMS 0x00000000cee00000, 0x00000000cee00000| Complete 
| 209|0x00000000cef00000, 0x00000000cf000000, 0x00000000cf000000|100%|HS|  |TAMS 0x00000000cef00000, 0x00000000cef00000| Complete 
| 210|0x00000000cf000000, 0x00000000cf100000, 0x00000000cf100000|100%|HC|  |TAMS 0x00000000cf000000, 0x00000000cf000000| Complete 
| 211|0x00000000cf100000, 0x00000000cf200000, 0x00000000cf200000|100%|HC|  |TAMS 0x00000000cf100000, 0x00000000cf100000| Complete 
| 212|0x00000000cf200000, 0x00000000cf300000, 0x00000000cf300000|100%|HC|  |TAMS 0x00000000cf200000, 0x00000000cf200000| Complete 
| 213|0x00000000cf300000, 0x00000000cf400000, 0x00000000cf400000|100%|HS|  |TAMS 0x00000000cf300000, 0x00000000cf300000| Complete 
| 214|0x00000000cf400000, 0x00000000cf500000, 0x00000000cf500000|100%|HC|  |TAMS 0x00000000cf400000, 0x00000000cf400000| Complete 
| 215|0x00000000cf500000, 0x00000000cf600000, 0x00000000cf600000|100%|HC|  |TAMS 0x00000000cf500000, 0x00000000cf500000| Complete 
| 216|0x00000000cf600000, 0x00000000cf700000, 0x00000000cf700000|100%|HC|  |TAMS 0x00000000cf600000, 0x00000000cf600000| Complete 
| 217|0x00000000cf700000, 0x00000000cf800000, 0x00000000cf800000|100%|HS|  |TAMS 0x00000000cf700000, 0x00000000cf700000| Complete 
| 218|0x00000000cf800000, 0x00000000cf900000, 0x00000000cf900000|100%|HC|  |TAMS 0x00000000cf800000, 0x00000000cf800000| Complete 
| 219|0x00000000cf900000, 0x00000000cfa00000, 0x00000000cfa00000|100%|HC|  |TAMS 0x00000000cf900000, 0x00000000cf900000| Complete 
| 220|0x00000000cfa00000, 0x00000000cfb00000, 0x00000000cfb00000|100%|HC|  |TAMS 0x00000000cfa00000, 0x00000000cfa00000| Complete 
| 221|0x00000000cfb00000, 0x00000000cfc00000, 0x00000000cfc00000|100%|HS|  |TAMS 0x00000000cfb00000, 0x00000000cfb00000| Complete 
| 222|0x00000000cfc00000, 0x00000000cfd00000, 0x00000000cfd00000|100%|HC|  |TAMS 0x00000000cfc00000, 0x00000000cfc00000| Complete 
| 223|0x00000000cfd00000, 0x00000000cfe00000, 0x00000000cfe00000|100%|HC|  |TAMS 0x00000000cfd00000, 0x00000000cfd00000| Complete 
| 224|0x00000000cfe00000, 0x00000000cff00000, 0x00000000cff00000|100%|HC|  |TAMS 0x00000000cfe00000, 0x00000000cfe00000| Complete 
| 225|0x00000000cff00000, 0x00000000d0000000, 0x00000000d0000000|100%|HS|  |TAMS 0x00000000cff00000, 0x00000000cff00000| Complete 
| 226|0x00000000d0000000, 0x00000000d0100000, 0x00000000d0100000|100%|HC|  |TAMS 0x00000000d0000000, 0x00000000d0000000| Complete 
| 227|0x00000000d0100000, 0x00000000d0200000, 0x00000000d0200000|100%|HC|  |TAMS 0x00000000d0100000, 0x00000000d0100000| Complete 
| 228|0x00000000d0200000, 0x00000000d0300000, 0x00000000d0300000|100%|HC|  |TAMS 0x00000000d0200000, 0x00000000d0200000| Complete 
| 229|0x00000000d0300000, 0x00000000d0400000, 0x00000000d0400000|100%|HS|  |TAMS 0x00000000d0300000, 0x00000000d0300000| Complete 
| 230|0x00000000d0400000, 0x00000000d0500000, 0x00000000d0500000|100%|HC|  |TAMS 0x00000000d0400000, 0x00000000d0400000| Complete 
| 231|0x00000000d0500000, 0x00000000d0600000, 0x00000000d0600000|100%|HC|  |TAMS 0x00000000d0500000, 0x00000000d0500000| Complete 
| 232|0x00000000d0600000, 0x00000000d0700000, 0x00000000d0700000|100%|HC|  |TAMS 0x00000000d0600000, 0x00000000d0600000| Complete 
| 233|0x00000000d0700000, 0x00000000d0800000, 0x00000000d0800000|100%|HS|  |TAMS 0x00000000d0700000, 0x00000000d0700000| Complete 
| 234|0x00000000d0800000, 0x00000000d0900000, 0x00000000d0900000|100%|HC|  |TAMS 0x00000000d0800000, 0x00000000d0800000| Complete 
| 235|0x00000000d0900000, 0x00000000d0a00000, 0x00000000d0a00000|100%|HC|  |TAMS 0x00000000d0900000, 0x00000000d0900000| Complete 
| 236|0x00000000d0a00000, 0x00000000d0b00000, 0x00000000d0b00000|100%|HC|  |TAMS 0x00000000d0a00000, 0x00000000d0a00000| Complete 
| 237|0x00000000d0b00000, 0x00000000d0c00000, 0x00000000d0c00000|100%|HS|  |TAMS 0x00000000d0b00000, 0x00000000d0b00000| Complete 
| 238|0x00000000d0c00000, 0x00000000d0d00000, 0x00000000d0d00000|100%|HC|  |TAMS 0x00000000d0c00000, 0x00000000d0c00000| Complete 
| 239|0x00000000d0d00000, 0x00000000d0e00000, 0x00000000d0e00000|100%|HC|  |TAMS 0x00000000d0d00000, 0x00000000d0d00000| Complete 
| 240|0x00000000d0e00000, 0x00000000d0f00000, 0x00000000d0f00000|100%|HC|  |TAMS 0x00000000d0e00000, 0x00000000d0e00000| Complete 
| 241|0x00000000d0f00000, 0x00000000d1000000, 0x00000000d1000000|100%|HS|  |TAMS 0x00000000d0f00000, 0x00000000d0f00000| Complete 
| 242|0x00000000d1000000, 0x00000000d1100000, 0x00000000d1100000|100%|HC|  |TAMS 0x00000000d1000000, 0x00000000d1000000| Complete 
| 243|0x00000000d1100000, 0x00000000d1200000, 0x00000000d1200000|100%|HC|  |TAMS 0x00000000d1100000, 0x00000000d1100000| Complete 
| 244|0x00000000d1200000, 0x00000000d1300000, 0x00000000d1300000|100%|HC|  |TAMS 0x00000000d1200000, 0x00000000d1200000| Complete 
| 247|0x00000000d1500000, 0x00000000d1600000, 0x00000000d1600000|100%| E|CS|TAMS 0x00000000d1500000, 0x00000000d1500000| Complete 
| 248|0x00000000d1600000, 0x00000000d1700000, 0x00000000d1700000|100%|HS|  |TAMS 0x00000000d1600000, 0x00000000d1600000| Complete 
| 249|0x00000000d1700000, 0x00000000d1800000, 0x00000000d1800000|100%|HC|  |TAMS 0x00000000d1700000, 0x00000000d1700000| Complete 
| 250|0x00000000d1800000, 0x00000000d1900000, 0x00000000d1900000|100%|HC|  |TAMS 0x00000000d1800000, 0x00000000d1800000| Complete 
| 251|0x00000000d1900000, 0x00000000d1a00000, 0x00000000d1a00000|100%|HC|  |TAMS 0x00000000d1900000, 0x00000000d1900000| Complete 
| 252|0x00000000d1a00000, 0x00000000d1b00000, 0x00000000d1b00000|100%|HS|  |TAMS 0x00000000d1a00000, 0x00000000d1a00000| Complete 
| 253|0x00000000d1b00000, 0x00000000d1c00000, 0x00000000d1c00000|100%|HC|  |TAMS 0x00000000d1b00000, 0x00000000d1b00000| Complete 
| 254|0x00000000d1c00000, 0x00000000d1d00000, 0x00000000d1d00000|100%|HC|  |TAMS 0x00000000d1c00000, 0x00000000d1c00000| Complete 
| 255|0x00000000d1d00000, 0x00000000d1e00000, 0x00000000d1e00000|100%|HC|  |TAMS 0x00000000d1d00000, 0x00000000d1d00000| Complete 
| 256|0x00000000d1e00000, 0x00000000d1f00000, 0x00000000d1f00000|100%|HS|  |TAMS 0x00000000d1e00000, 0x00000000d1e00000| Complete 
| 257|0x00000000d1f00000, 0x00000000d2000000, 0x00000000d2000000|100%|HC|  |TAMS 0x00000000d1f00000, 0x00000000d1f00000| Complete 
| 258|0x00000000d2000000, 0x00000000d2100000, 0x00000000d2100000|100%|HC|  |TAMS 0x00000000d2000000, 0x00000000d2000000| Complete 
| 259|0x00000000d2100000, 0x00000000d2200000, 0x00000000d2200000|100%|HC|  |TAMS 0x00000000d2100000, 0x00000000d2100000| Complete 
| 260|0x00000000d2200000, 0x00000000d2300000, 0x00000000d2300000|100%|HS|  |TAMS 0x00000000d2200000, 0x00000000d2200000| Complete 
| 261|0x00000000d2300000, 0x00000000d2400000, 0x00000000d2400000|100%|HC|  |TAMS 0x00000000d2300000, 0x00000000d2300000| Complete 
| 262|0x00000000d2400000, 0x00000000d2500000, 0x00000000d2500000|100%|HC|  |TAMS 0x00000000d2400000, 0x00000000d2400000| Complete 
| 263|0x00000000d2500000, 0x00000000d2600000, 0x00000000d2600000|100%|HC|  |TAMS 0x00000000d2500000, 0x00000000d2500000| Complete 
| 264|0x00000000d2600000, 0x00000000d2700000, 0x00000000d2700000|100%| E|CS|TAMS 0x00000000d2600000, 0x00000000d2600000| Complete 
| 265|0x00000000d2700000, 0x00000000d2800000, 0x00000000d2800000|100%|HS|  |TAMS 0x00000000d2700000, 0x00000000d2700000| Complete 
| 266|0x00000000d2800000, 0x00000000d2900000, 0x00000000d2900000|100%|HC|  |TAMS 0x00000000d2800000, 0x00000000d2800000| Complete 
| 267|0x00000000d2900000, 0x00000000d2a00000, 0x00000000d2a00000|100%|HC|  |TAMS 0x00000000d2900000, 0x00000000d2900000| Complete 
| 268|0x00000000d2a00000, 0x00000000d2b00000, 0x00000000d2b00000|100%|HC|  |TAMS 0x00000000d2a00000, 0x00000000d2a00000| Complete 
| 269|0x00000000d2b00000, 0x00000000d2c00000, 0x00000000d2c00000|100%|HS|  |TAMS 0x00000000d2b00000, 0x00000000d2b00000| Complete 
| 270|0x00000000d2c00000, 0x00000000d2d00000, 0x00000000d2d00000|100%|HC|  |TAMS 0x00000000d2c00000, 0x00000000d2c00000| Complete 
| 271|0x00000000d2d00000, 0x00000000d2e00000, 0x00000000d2e00000|100%|HC|  |TAMS 0x00000000d2d00000, 0x00000000d2d00000| Complete 
| 272|0x00000000d2e00000, 0x00000000d2f00000, 0x00000000d2f00000|100%|HC|  |TAMS 0x00000000d2e00000, 0x00000000d2e00000| Complete 
| 273|0x00000000d2f00000, 0x00000000d3000000, 0x00000000d3000000|100%|HS|  |TAMS 0x00000000d2f00000, 0x00000000d2f00000| Complete 
| 274|0x00000000d3000000, 0x00000000d3100000, 0x00000000d3100000|100%|HC|  |TAMS 0x00000000d3000000, 0x00000000d3000000| Complete 
| 275|0x00000000d3100000, 0x00000000d3200000, 0x00000000d3200000|100%|HC|  |TAMS 0x00000000d3100000, 0x00000000d3100000| Complete 
| 276|0x00000000d3200000, 0x00000000d3300000, 0x00000000d3300000|100%|HC|  |TAMS 0x00000000d3200000, 0x00000000d3200000| Complete 
| 277|0x00000000d3300000, 0x00000000d3400000, 0x00000000d3400000|100%|HS|  |TAMS 0x00000000d3300000, 0x00000000d3300000| Complete 
| 278|0x00000000d3400000, 0x00000000d3500000, 0x00000000d3500000|100%|HC|  |TAMS 0x00000000d3400000, 0x00000000d3400000| Complete 
| 279|0x00000000d3500000, 0x00000000d3600000, 0x00000000d3600000|100%|HC|  |TAMS 0x00000000d3500000, 0x00000000d3500000| Complete 
| 280|0x00000000d3600000, 0x00000000d3700000, 0x00000000d3700000|100%|HC|  |TAMS 0x00000000d3600000, 0x00000000d3600000| Complete 
| 281|0x00000000d3700000, 0x00000000d3800000, 0x00000000d3800000|100%|HS|  |TAMS 0x00000000d3700000, 0x00000000d3700000| Complete 
| 282|0x00000000d3800000, 0x00000000d3900000, 0x00000000d3900000|100%|HC|  |TAMS 0x00000000d3800000, 0x00000000d3800000| Complete 
| 283|0x00000000d3900000, 0x00000000d3a00000, 0x00000000d3a00000|100%|HC|  |TAMS 0x00000000d3900000, 0x00000000d3900000| Complete 
| 284|0x00000000d3a00000, 0x00000000d3b00000, 0x00000000d3b00000|100%|HC|  |TAMS 0x00000000d3a00000, 0x00000000d3a00000| Complete 
| 285|0x00000000d3b00000, 0x00000000d3c00000, 0x00000000d3c00000|100%|HS|  |TAMS 0x00000000d3b00000, 0x00000000d3b00000| Complete 
| 286|0x00000000d3c00000, 0x00000000d3d00000, 0x00000000d3d00000|100%|HC|  |TAMS 0x00000000d3c00000, 0x00000000d3c00000| Complete 
| 287|0x00000000d3d00000, 0x00000000d3e00000, 0x00000000d3e00000|100%|HC|  |TAMS 0x00000000d3d00000, 0x00000000d3d00000| Complete 
| 288|0x00000000d3e00000, 0x00000000d3f00000, 0x00000000d3f00000|100%|HC|  |TAMS 0x00000000d3e00000, 0x00000000d3e00000| Complete 
| 289|0x00000000d3f00000, 0x00000000d4000000, 0x00000000d4000000|100%|HS|  |TAMS 0x00000000d3f00000, 0x00000000d3f00000| Complete 
| 290|0x00000000d4000000, 0x00000000d4100000, 0x00000000d4100000|100%|HC|  |TAMS 0x00000000d4000000, 0x00000000d4000000| Complete 
| 291|0x00000000d4100000, 0x00000000d4200000, 0x00000000d4200000|100%|HC|  |TAMS 0x00000000d4100000, 0x00000000d4100000| Complete 
| 292|0x00000000d4200000, 0x00000000d4300000, 0x00000000d4300000|100%|HC|  |TAMS 0x00000000d4200000, 0x00000000d4200000| Complete 
| 293|0x00000000d4300000, 0x00000000d4400000, 0x00000000d4400000|100%|HS|  |TAMS 0x00000000d4300000, 0x00000000d4300000| Complete 
| 294|0x00000000d4400000, 0x00000000d4500000, 0x00000000d4500000|100%|HC|  |TAMS 0x00000000d4400000, 0x00000000d4400000| Complete 
| 295|0x00000000d4500000, 0x00000000d4600000, 0x00000000d4600000|100%|HC|  |TAMS 0x00000000d4500000, 0x00000000d4500000| Complete 
| 296|0x00000000d4600000, 0x00000000d4700000, 0x00000000d4700000|100%|HC|  |TAMS 0x00000000d4600000, 0x00000000d4600000| Complete 

Card table byte_map: [0x000001abc0900000,0x000001abc0b00000] _byte_map_base: 0x000001abc02f1000

Marking Bits (Prev, Next): (CMBitMap*) 0x000001aba9314c78, (CMBitMap*) 0x000001aba9314c38
 Prev Bits: [0x000001abc1c90000, 0x000001abc2c18000)
 Next Bits: [0x000001abc0d00000, 0x000001abc1c88000)

Polling page: 0x000001aba8ad0000

Metaspace:

Usage:
  Non-class:      6.89 MB capacity,     6.72 MB ( 98%) used,   148.80 KB (  2%) free+waste,    25.81 KB ( <1%) overhead. 
      Class:    923.00 KB capacity,   784.40 KB ( 85%) used,   122.73 KB ( 13%) free+waste,    15.88 KB (  2%) overhead. 
       Both:      7.79 MB capacity,     7.49 MB ( 96%) used,   271.52 KB (  3%) free+waste,    41.69 KB ( <1%) overhead. 

Virtual space:
  Non-class space:        8.00 MB reserved,       7.00 MB ( 88%) committed 
      Class space:        1.00 GB reserved,       1.00 MB ( <1%) committed 
             Both:        1.01 GB reserved,       8.00 MB ( <1%) committed 

Chunk freelists:
   Non-Class:  5.75 KB
       Class:  640 bytes
        Both:  6.38 KB

CodeHeap 'non-profiled nmethods': size=120064Kb used=487Kb max_used=487Kb free=119576Kb
 bounds [0x000001abb91c0000, 0x000001abb9430000, 0x000001abc0700000]
CodeHeap 'profiled nmethods': size=120000Kb used=2721Kb max_used=2721Kb free=117278Kb
 bounds [0x000001abb1c90000, 0x000001abb1f40000, 0x000001abb91c0000]
CodeHeap 'non-nmethods': size=5696Kb used=1196Kb max_used=1231Kb free=4499Kb
 bounds [0x000001abb1700000, 0x000001abb1970000, 0x000001abb1c90000]
 total_blobs=2235 nmethods=1315 adapters=453
 compilation: enabled
              stopped_count=0, restarted_count=0
 full_count=0

Compilation events (10 events):
Event: 68.021 Thread 0x000001abc58b2800 1409       4       sun.awt.image.SunVolatileImage::getHeight (5 bytes)
Event: 68.022 Thread 0x000001abc58b2800 nmethod 1409 0x000001abb9237790 code [0x000001abb9237920, 0x000001abb9237998]
Event: 68.218 Thread 0x000001abc58b2800 1410       4       com.company.TriangleDrawer::drawFinal (63 bytes)
Event: 68.271 Thread 0x000001abc58b2800 nmethod 1410 0x000001abb9237a10 code [0x000001abb9237c60, 0x000001abb9238798]
Event: 68.923 Thread 0x000001abc58b2800 1411       4       java.awt.image.ComponentColorModel::initScale (628 bytes)
Event: 68.953 Thread 0x000001abc58b2800 nmethod 1411 0x000001abb9239110 code [0x000001abb9239320, 0x000001abb92399f8]
Event: 69.063 Thread 0x000001abc58bc800 1412       3       java.util.HashMap::remove (26 bytes)
Event: 69.065 Thread 0x000001abc58bc800 nmethod 1412 0x000001abb1f39390 code [0x000001abb1f39580, 0x000001abb1f39960]
Event: 69.065 Thread 0x000001abc58bc800 1413       3       java.util.HashMap::removeNode (291 bytes)
Event: 69.071 Thread 0x000001abc58bc800 nmethod 1413 0x000001abb1f39a90 code [0x000001abb1f39d40, 0x000001abb1f3b160]

GC Heap History (10 events):
Event: 66.569 GC heap before
{Heap before GC invocations=444 (full 0):
 garbage-first heap   total 164864K, used 55800K [0x00000000c1e00000, 0x0000000100000000)
  region size 1024K, 2 young (2048K), 1 survivors (1024K)
 Metaspace       used 7663K, capacity 7981K, committed 8192K, reserved 1056768K
  class space    used 784K, capacity 923K, committed 1024K, reserved 1048576K
}
Event: 66.570 GC heap after
{Heap after GC invocations=445 (full 0):
 garbage-first heap   total 164864K, used 14842K [0x00000000c1e00000, 0x0000000100000000)
  region size 1024K, 1 young (1024K), 1 survivors (1024K)
 Metaspace       used 7663K, capacity 7981K, committed 8192K, reserved 1056768K
  class space    used 784K, capacity 923K, committed 1024K, reserved 1048576K
}
Event: 67.057 GC heap before
{Heap before GC invocations=446 (full 0):
 garbage-first heap   total 128000K, used 118266K [0x00000000c1e00000, 0x0000000100000000)
  region size 1024K, 6 young (6144K), 1 survivors (1024K)
 Metaspace       used 7663K, capacity 7981K, committed 8192K, reserved 1056768K
  class space    used 784K, capacity 923K, committed 1024K, reserved 1048576K
}
Event: 67.061 GC heap after
{Heap after GC invocations=447 (full 0):
 garbage-first heap   total 130048K, used 109052K [0x00000000c1e00000, 0x0000000100000000)
  region size 1024K, 1 young (1024K), 1 survivors (1024K)
 Metaspace       used 7663K, capacity 7981K, committed 8192K, reserved 1056768K
  class space    used 784K, capacity 923K, committed 1024K, reserved 1048576K
}
Event: 67.692 GC heap before
{Heap before GC invocations=447 (full 0):
 garbage-first heap   total 224256K, used 212476K [0x00000000c1e00000, 0x0000000100000000)
  region size 1024K, 6 young (6144K), 1 survivors (1024K)
 Metaspace       used 7665K, capacity 7981K, committed 8192K, reserved 1056768K
  class space    used 784K, capacity 923K, committed 1024K, reserved 1048576K
}
Event: 67.696 GC heap after
{Heap after GC invocations=448 (full 0):
 garbage-first heap   total 224256K, used 113151K [0x00000000c1e00000, 0x0000000100000000)
  region size 1024K, 1 young (1024K), 1 survivors (1024K)
 Metaspace       used 7665K, capacity 7981K, committed 8192K, reserved 1056768K
  class space    used 784K, capacity 923K, committed 1024K, reserved 1048576K
}
Event: 67.709 GC heap before
{Heap before GC invocations=448 (full 0):
 garbage-first heap   total 224256K, used 113151K [0x00000000c1e00000, 0x0000000100000000)
  region size 1024K, 2 young (2048K), 1 survivors (1024K)
 Metaspace       used 7665K, capacity 7981K, committed 8192K, reserved 1056768K
  class space    used 784K, capacity 923K, committed 1024K, reserved 1048576K
}
Event: 67.710 GC heap after
{Heap after GC invocations=449 (full 0):
 garbage-first heap   total 224256K, used 14849K [0x00000000c1e00000, 0x0000000100000000)
  region size 1024K, 1 young (1024K), 1 survivors (1024K)
 Metaspace       used 7665K, capacity 7981K, committed 8192K, reserved 1056768K
  class space    used 784K, capacity 923K, committed 1024K, reserved 1048576K
}
Event: 68.846 GC heap before
{Heap before GC invocations=450 (full 0):
 garbage-first heap   total 202752K, used 192001K [0x00000000c1e00000, 0x0000000100000000)
  region size 1024K, 10 young (10240K), 1 survivors (1024K)
 Metaspace       used 7665K, capacity 7981K, committed 8192K, reserved 1056768K
  class space    used 784K, capacity 923K, committed 1024K, reserved 1048576K
}
Event: 68.847 GC heap after
{Heap after GC invocations=451 (full 0):
 garbage-first heap   total 203776K, used 178693K [0x00000000c1e00000, 0x0000000100000000)
  region size 1024K, 1 young (1024K), 1 survivors (1024K)
 Metaspace       used 7665K, capacity 7981K, committed 8192K, reserved 1056768K
  class space    used 784K, capacity 923K, committed 1024K, reserved 1048576K
}

Deoptimization events (10 events):
Event: 0.879 Thread 0x000001aba92e6800 Uncommon trap: reason=class_check action=maybe_recompile pc=0x000001abb91cdb34 method=java.util.HashMap.putVal(ILjava/lang/Object;Ljava/lang/Object;ZZ)Ljava/lang/Object; @ 152 c2
Event: 0.880 Thread 0x000001aba92e6800 Uncommon trap: reason=class_check action=maybe_recompile pc=0x000001abb91cdb34 method=java.util.HashMap.putVal(ILjava/lang/Object;Ljava/lang/Object;ZZ)Ljava/lang/Object; @ 152 c2
Event: 1.370 Thread 0x000001aba92e6800 Uncommon trap: reason=unstable_if action=reinterpret pc=0x000001abb91e6d94 method=java.lang.StringLatin1.replace([BCC)Ljava/lang/String; @ 19 c2
Event: 1.397 Thread 0x000001abc5da9000 Uncommon trap: reason=unstable_if action=reinterpret pc=0x000001abb91dce94 method=java.util.HashMap.putVal(ILjava/lang/Object;Ljava/lang/Object;ZZ)Ljava/lang/Object; @ 181 c2
Event: 1.701 Thread 0x000001abc58af800 Uncommon trap: reason=unstable_if action=reinterpret pc=0x000001abb91ce720 method=java.lang.String.isLatin1()Z @ 10 c2
Event: 1.780 Thread 0x000001aba92e6800 Uncommon trap: reason=unstable_if action=reinterpret pc=0x000001abb91d2288 method=java.lang.String.isLatin1()Z @ 10 c2
Event: 5.922 Thread 0x000001abc69f5800 Uncommon trap: reason=unstable_if action=reinterpret pc=0x000001abb9208560 method=com.company.DDALineDrawer.drawLine(Lcom/company/ScreenPoint;Lcom/company/ScreenPoint;)V @ 55 c2
Event: 45.510 Thread 0x000001abc69f5800 Uncommon trap: reason=unstable_if action=reinterpret pc=0x000001abb9218004 method=java.util.IdentityHashMap.isEmpty()Z @ 4 c2
Event: 55.666 Thread 0x000001abc69f5800 Uncommon trap: reason=unstable_if action=reinterpret pc=0x000001abb9229dec method=java.awt.EventQueue.eventToCacheIndex(Ljava/awt/AWTEvent;)I @ 4 c2
Event: 55.667 Thread 0x000001abc69f5800 Uncommon trap: reason=unstable_if action=reinterpret pc=0x000001abb9223d54 method=java.awt.EventQueue.eventToCacheIndex(Ljava/awt/AWTEvent;)I @ 4 c2

Classes redefined (0 events):
No events

Internal exceptions (10 events):
Event: 1.113 Thread 0x000001abc5da9000 Exception <a 'java/lang/NoSuchMethodError'{0x00000000c5a4d070}: java.lang.invoke.DirectMethodHandle$Holder.invokeSpecial(Ljava/lang/Object;Ljava/lang/Object;)V> (0x00000000c5a4d070) thrown at [t:/workspace/open/src/hotspot/share/interpreter/linkResolver.c
Event: 1.120 Thread 0x000001aba92e6800 Exception <a 'java/lang/NoSuchMethodError'{0x00000000c5a25c70}: java.lang.invoke.DirectMethodHandle$Holder.invokeStatic(Ljava/lang/Object;Ljava/lang/Object;Ljava/lang/Object;Ljava/lang/Object;Ljava/lang/Object;Ljava/lang/Object;Ljava/lang/Object;J)Ljava/l
Event: 1.236 Thread 0x000001aba92e6800 Exception <a 'java/lang/NoSuchMethodError'{0x00000000c591aa70}: java.lang.invoke.DirectMethodHandle$Holder.invokeStatic(Ljava/lang/Object;ILjava/lang/Object;Ljava/lang/Object;Ljava/lang/Object;Ljava/lang/Object;)Ljava/lang/Object;> (0x00000000c591aa70) th
Event: 1.237 Thread 0x000001aba92e6800 Exception <a 'java/lang/NoSuchMethodError'{0x00000000c59216a0}: java.lang.invoke.DirectMethodHandle$Holder.invokeStatic(Ljava/lang/Object;ILjava/lang/Object;Ljava/lang/Object;Ljava/lang/Object;)Ljava/lang/Object;> (0x00000000c59216a0) thrown at [t:/worksp
Event: 1.237 Thread 0x000001aba92e6800 Exception <a 'java/lang/NoSuchMethodError'{0x00000000c5924f00}: java.lang.invoke.DirectMethodHandle$Holder.invokeSpecial(Ljava/lang/Object;Ljava/lang/Object;ILjava/lang/Object;Ljava/lang/Object;Ljava/lang/Object;)Ljava/lang/Object;> (0x00000000c5924f00) t
Event: 1.242 Thread 0x000001aba92e6800 Exception <a 'java/lang/NoSuchMethodError'{0x00000000c593b280}: java.lang.invoke.DirectMethodHandle$Holder.invokeStatic(Ljava/lang/Object;ILjava/lang/Object;)Ljava/lang/Object;> (0x00000000c593b280) thrown at [t:/workspace/open/src/hotspot/share/interpret
Event: 1.307 Thread 0x000001aba92e6800 Exception <a 'java/lang/ClassNotFoundException'{0x00000000c59e23a0}: com/sun/swing/internal/plaf/metal/resources/spi/metalProvider> (0x00000000c59e23a0) thrown at [t:/workspace/open/src/hotspot/share/classfile/systemDictionary.cpp, line 235]
Event: 1.311 Thread 0x000001aba92e6800 Exception <a 'java/lang/ClassNotFoundException'{0x00000000c59e6568}: com/sun/swing/internal/plaf/basic/resources/spi/basicProvider> (0x00000000c59e6568) thrown at [t:/workspace/open/src/hotspot/share/classfile/systemDictionary.cpp, line 235]
Event: 1.659 Thread 0x000001aba92e6800 Exception <a 'java/lang/NoSuchMethodError'{0x00000000c583adb0}: java.lang.invoke.DirectMethodHandle$Holder.invokeStaticInit(Ljava/lang/Object;)V> (0x00000000c583adb0) thrown at [t:/workspace/open/src/hotspot/share/interpreter/linkResolver.cpp, line 777]
Event: 1.941 Thread 0x000001aba92e6800 Exception <a 'java/lang/NoSuchMethodError'{0x00000000c57c8378}: java.lang.invoke.Invokers$Holder.linkToTargetMethod(Ljava/lang/Object;ILjava/lang/Object;)Ljava/lang/Object;> (0x00000000c57c8378) thrown at [t:/workspace/open/src/hotspot/share/interpreter/l

Events (10 events):
Event: 67.692 Executing VM operation: G1CollectForAllocation
Event: 67.697 Executing VM operation: G1CollectForAllocation done
Event: 67.709 Executing VM operation: G1CollectForAllocation
Event: 67.710 Executing VM operation: G1CollectForAllocation done
Event: 67.725 Executing VM operation: G1Concurrent
Event: 67.745 Executing VM operation: G1Concurrent done
Event: 67.750 Executing VM operation: G1Concurrent
Event: 67.751 Executing VM operation: G1Concurrent done
Event: 68.846 Executing VM operation: G1CollectForAllocation
Event: 68.847 Executing VM operation: G1CollectForAllocation done


Dynamic libraries:
0x00007ff71e180000 - 0x00007ff71e18f000 	C:\Program Files\Java\jdk-12.0.2\bin\java.exe
0x00007ffab8e90000 - 0x00007ffab9086000 	C:\WINDOWS\SYSTEM32\ntdll.dll
0x00007ffa92e60000 - 0x00007ffa92e72000 	C:\Program Files\AVAST Software\Avast\aswhook.dll
0x00007ffab8040000 - 0x00007ffab80fd000 	C:\WINDOWS\System32\KERNEL32.DLL
0x00007ffab6690000 - 0x00007ffab6958000 	C:\WINDOWS\System32\KERNELBASE.dll
0x00007ffab6a40000 - 0x00007ffab6b40000 	C:\WINDOWS\System32\ucrtbase.dll
0x00007ffab2550000 - 0x00007ffab2568000 	C:\Program Files\Java\jdk-12.0.2\bin\jli.dll
0x00007ffab7c20000 - 0x00007ffab7cca000 	C:\WINDOWS\System32\ADVAPI32.dll
0x00007ffab73a0000 - 0x00007ffab743e000 	C:\WINDOWS\System32\msvcrt.dll
0x00007ffab7f10000 - 0x00007ffab7fab000 	C:\WINDOWS\System32\sechost.dll
0x00007ffab7470000 - 0x00007ffab7594000 	C:\WINDOWS\System32\RPCRT4.dll
0x00007ffab7a80000 - 0x00007ffab7c20000 	C:\WINDOWS\System32\USER32.dll
0x00007ffab6a10000 - 0x00007ffab6a32000 	C:\WINDOWS\System32\win32u.dll
0x00007ffab7d30000 - 0x00007ffab7d5a000 	C:\WINDOWS\System32\GDI32.dll
0x00007ffab6ca0000 - 0x00007ffab6da9000 	C:\WINDOWS\System32\gdi32full.dll
0x00007ffab6db0000 - 0x00007ffab6e4d000 	C:\WINDOWS\System32\msvcp_win.dll
0x00007ffaa67d0000 - 0x00007ffaa67e6000 	C:\Program Files\Java\jdk-12.0.2\bin\VCRUNTIME140.dll
0x00007ffa90440000 - 0x00007ffa906db000 	C:\WINDOWS\WinSxS\amd64_microsoft.windows.common-controls_6595b64144ccf1df_6.0.19041.488_none_ca04af081b815d21\COMCTL32.dll
0x00007ffab0ed0000 - 0x00007ffab0eda000 	C:\WINDOWS\SYSTEM32\VERSION.dll
0x00007ffab7440000 - 0x00007ffab7470000 	C:\WINDOWS\System32\IMM32.DLL
0x00007ffa9dda0000 - 0x00007ffa9de4a000 	C:\Program Files\Java\jdk-12.0.2\bin\msvcp140.dll
0x00007ffa77670000 - 0x00007ffa781e7000 	C:\Program Files\Java\jdk-12.0.2\bin\server\jvm.dll
0x00007ffab77f0000 - 0x00007ffab77f8000 	C:\WINDOWS\System32\PSAPI.DLL
0x00007ffaa5f90000 - 0x00007ffaa5f99000 	C:\WINDOWS\SYSTEM32\WSOCK32.dll
0x00007ffab7920000 - 0x00007ffab798b000 	C:\WINDOWS\System32\WS2_32.dll
0x00007ffaaba90000 - 0x00007ffaabab7000 	C:\WINDOWS\SYSTEM32\WINMM.dll
0x00007ffab4530000 - 0x00007ffab4542000 	C:\WINDOWS\SYSTEM32\kernel.appcore.dll
0x00007ffa9e9b0000 - 0x00007ffa9e9c1000 	C:\Program Files\Java\jdk-12.0.2\bin\verify.dll
0x00007ffaae150000 - 0x00007ffaae334000 	C:\WINDOWS\SYSTEM32\DBGHELP.DLL
0x00007ffaaf7d0000 - 0x00007ffaaf7fc000 	C:\WINDOWS\SYSTEM32\dbgcore.DLL
0x00007ffab6610000 - 0x00007ffab668f000 	C:\WINDOWS\System32\bcryptPrimitives.dll
0x00007ffa9e830000 - 0x00007ffa9e856000 	C:\Program Files\Java\jdk-12.0.2\bin\java.dll
0x00007ffab2580000 - 0x00007ffab258e000 	C:\Program Files\Java\jdk-12.0.2\bin\instrument.dll
0x00007ffa9e990000 - 0x00007ffa9e9a7000 	C:\Program Files\Java\jdk-12.0.2\bin\zip.dll
0x00007ffab1820000 - 0x00007ffab182a000 	C:\Program Files\Java\jdk-12.0.2\bin\jimage.dll
0x00007ffab86b0000 - 0x00007ffab8df0000 	C:\WINDOWS\System32\SHELL32.dll
0x00007ffab4730000 - 0x00007ffab4ec4000 	C:\WINDOWS\SYSTEM32\windows.storage.dll
0x00007ffab7040000 - 0x00007ffab7395000 	C:\WINDOWS\System32\combase.dll
0x00007ffab6050000 - 0x00007ffab607c000 	C:\WINDOWS\SYSTEM32\Wldp.dll
0x00007ffab85f0000 - 0x00007ffab869e000 	C:\WINDOWS\System32\SHCORE.dll
0x00007ffab75a0000 - 0x00007ffab75f5000 	C:\WINDOWS\System32\shlwapi.dll
0x00007ffab6510000 - 0x00007ffab6536000 	C:\WINDOWS\SYSTEM32\profapi.dll
0x00007ffa9e570000 - 0x00007ffa9e589000 	C:\Program Files\Java\jdk-12.0.2\bin\net.dll
0x00007ffaada30000 - 0x00007ffaadb30000 	C:\WINDOWS\SYSTEM32\WINHTTP.dll
0x00007ffaa4370000 - 0x00007ffaa455d000 	C:\WINDOWS\SYSTEM32\urlmon.dll
0x00007ffaa40c0000 - 0x00007ffaa4370000 	C:\WINDOWS\SYSTEM32\iertutil.dll
0x00007ffab5dd0000 - 0x00007ffab5e3a000 	C:\WINDOWS\system32\mswsock.dll
0x00007ffa9e220000 - 0x00007ffa9e233000 	C:\Program Files\Java\jdk-12.0.2\bin\nio.dll
0x00007ffaa6830000 - 0x00007ffaa684a000 	C:\Program Files\JetBrains\IntelliJ IDEA Community Edition 2020.2.1\bin\breakgen64.dll
0x00007ffa7e7a0000 - 0x00007ffa7e93f000 	C:\Program Files\Java\jdk-12.0.2\bin\awt.dll
0x00007ffab7990000 - 0x00007ffab7a5d000 	C:\WINDOWS\System32\OLEAUT32.dll
0x00007ffab2de0000 - 0x00007ffab33a0000 	C:\WINDOWS\SYSTEM32\d2d1.dll
0x00007ffab3ea0000 - 0x00007ffab3f30000 	C:\WINDOWS\SYSTEM32\apphelp.dll
0x00007ffab4240000 - 0x00007ffab426f000 	C:\WINDOWS\system32\DWMAPI.DLL
0x00007ffab3fd0000 - 0x00007ffab406f000 	C:\WINDOWS\system32\uxtheme.dll
0x00007ffa873e0000 - 0x00007ffa87505000 	C:\WINDOWS\system32\opengl32.dll
0x00007ffa87370000 - 0x00007ffa8739c000 	C:\WINDOWS\SYSTEM32\GLU32.dll
0x00007ffab7800000 - 0x00007ffab7915000 	C:\WINDOWS\System32\MSCTF.dll
0x00007ffab76c0000 - 0x00007ffab77ea000 	C:\WINDOWS\System32\ole32.dll
0x00007ffa9df30000 - 0x00007ffa9dfb0000 	C:\Program Files\Java\jdk-12.0.2\bin\freetype.dll
0x00007ffa97510000 - 0x00007ffa975bb000 	C:\Program Files\Java\jdk-12.0.2\bin\fontmanager.dll
0x00007ffaa46c0000 - 0x00007ffaa47bc000 	C:\WINDOWS\SYSTEM32\textinputframework.dll
0x00007ffab3590000 - 0x00007ffab38ee000 	C:\WINDOWS\System32\CoreUIComponents.dll
0x00007ffab3c70000 - 0x00007ffab3d62000 	C:\WINDOWS\System32\CoreMessaging.dll
0x00007ffab5320000 - 0x00007ffab5353000 	C:\WINDOWS\SYSTEM32\ntmarta.dll
0x00007ffab25b0000 - 0x00007ffab2706000 	C:\WINDOWS\SYSTEM32\wintypes.dll

dbghelp: loaded successfully - version: 4.0.5 - missing functions: none
symbol engine: initialized successfully - sym options: 0x614 - pdb path: .;C:\Program Files\Java\jdk-12.0.2\bin;C:\WINDOWS\SYSTEM32;C:\Program Files\AVAST Software\Avast;C:\WINDOWS\WinSxS\amd64_microsoft.windows.common-controls_6595b64144ccf1df_6.0.19041.488_none_ca04af081b815d21;C:\Program Files\Java\jdk-12.0.2\bin\server;C:\Program Files\JetBrains\IntelliJ IDEA Community Edition 2020.2.1\bin

VM Arguments:
jvm_args: -javaagent:C:\Program Files\JetBrains\IntelliJ IDEA Community Edition 2020.2.1\lib\idea_rt.jar=61590:C:\Program Files\JetBrains\IntelliJ IDEA Community Edition 2020.2.1\bin -Dfile.encoding=UTF-8 
java_command: com.company.Main
java_class_path (initial): C:\Users\User\IdeaProjects\Task023\out\production\Task023
Launcher Type: SUN_STANDARD

[Global flags]
     intx CICompilerCount                          = 3                                         {product} {ergonomic}
     uint ConcGCThreads                            = 1                                         {product} {ergonomic}
     uint G1ConcRefinementThreads                  = 4                                         {product} {ergonomic}
   size_t G1HeapRegionSize                         = 1048576                                   {product} {ergonomic}
    uintx GCDrainStackTargetSize                   = 64                                        {product} {ergonomic}
   size_t InitialHeapSize                          = 67108864                                  {product} {ergonomic}
   size_t MarkStackSize                            = 4194304                                   {product} {ergonomic}
   size_t MaxHeapSize                              = 1042284544                                {product} {ergonomic}
   size_t MaxNewSize                               = 624951296                                 {product} {ergonomic}
   size_t MinHeapDeltaBytes                        = 1048576                                   {product} {ergonomic}
    uintx NonNMethodCodeHeapSize                   = 5830732                                {pd product} {ergonomic}
    uintx NonProfiledCodeHeapSize                  = 122913754                              {pd product} {ergonomic}
    uintx ProfiledCodeHeapSize                     = 122913754                              {pd product} {ergonomic}
    uintx ReservedCodeCacheSize                    = 251658240                              {pd product} {ergonomic}
     bool SegmentedCodeCache                       = true                                      {product} {ergonomic}
     bool UseCompressedClassPointers               = true                                 {lp64_product} {ergonomic}
     bool UseCompressedOops                        = true                                 {lp64_product} {ergonomic}
     bool UseG1GC                                  = true                                      {product} {ergonomic}
     bool UseLargePagesIndividualAllocation        = false                                  {pd product} {ergonomic}

Logging:
Log output configuration:
 #0: stdout all=warning uptime,level,tags
 #1: stderr all=off uptime,level,tags

Environment Variables:
PATH=C:\WINDOWS\system32;C:\WINDOWS;C:\WINDOWS\System32\Wbem;C:\WINDOWS\System32\WindowsPowerShell\v1.0\;C:\WINDOWS\System32\OpenSSH\;C:\Program Files\Common Files\Autodesk Shared\;C:\Program Files (x86)\Autodesk\Backburner\;C:\Program Files\Git\cmd;C:\Users\User\AppData\Local\Microsoft\WindowsApps;C:\Program Files\JetBrains\IntelliJ IDEA 2019.2.2\bin;;C:\Users\User\AppData\Local\GitHubDesktop\bin
USERNAME=User
OS=Windows_NT
PROCESSOR_IDENTIFIER=Intel64 Family 6 Model 142 Stepping 9, GenuineIntel



---------------  S Y S T E M  ---------------

OS: Windows 10 , 64 bit Build 19041 (10.0.19041.546)

CPU:total 4 (initial active 4) (2 cores per cpu, 2 threads per core) family 6 model 142 stepping 9, cmov, cx8, fxsr, mmx, sse, sse2, sse3, ssse3, sse4.1, sse4.2, popcnt, avx, avx2, aes, clmul, erms, 3dnowpref, lzcnt, ht, tsc, tscinvbit, bmi1, bmi2, adx, fma

Memory: 4k page, system-wide physical 3970M (191M free)
TotalPageFile size 16258M (AvailPageFile size 5M)
current process WorkingSet (physical memory assigned to process): 249M, peak: 290M
current process commit charge ("private bytes"): 385M, peak: 389M

vm_info: Java HotSpot(TM) 64-Bit Server VM (12.0.2+10) for windows-amd64 JRE (12.0.2+10), built on Jul 16 2019 01:56:17 by "mach5one" with MS VC++ 15.5 (VS2017)

END.
